<testsuites><testsuite name="BackstopJS" tests="2" failures="2" errors="2" skipped="0"><testcase classname="document" name=" ›› BackstopJS Homepage"><failure message="Design deviation ›› BackstopJS Homepage (document) component"></failure><error message="Design deviation ›› BackstopJS Homepage (document) component"></error></testcase><testcase classname="document" name=" ›› BackstopJS Homepage"><failure message="Design deviation ›› BackstopJS Homepage (document) component"></failure><error message="Design deviation ›› BackstopJS Homepage (document) component"></error></testcase></testsuite></testsuites>