<?xml version="1.0" encoding="UTF-8"?>
<testsuites>
  <testsuite name="BackstopJS" tests="2" failures="2" errors="2" skipped="0">
    <testcase classname="document" name=" ›› BackstopJS Homepage">
      <failure message="Design deviation ›› BackstopJS Homepage (document) component"/>
      <error message="Design deviation ›› BackstopJS Homepage (document) component"/>
    </testcase>
    <testcase classname="document" name=" ›› BackstopJS Homepage">
      <failure message="Design deviation ›› BackstopJS Homepage (document) component"/>
      <error message="Design deviation ›› BackstopJS Homepage (document) component"/>
    </testcase>
  </testsuite>
</testsuites>