<?xml version="1.0" encoding="UTF-8"?>
<testsuites>
  <testsuite name="BackstopJS" tests="2" failures="2" errors="2" skipped="0">
    <testcase classname="img.github-icon" name=" ›› BackstopJS Homepage">
      <failure message="Design deviation ›› BackstopJS Homepage (img.github-icon) component"/>
      <error message="Design deviation ›› BackstopJS Homepage (img.github-icon) component"/>
    </testcase>
    <testcase classname="img.github-icon.__n1" name=" ›› BackstopJS Homepage">
      <failure message="Design deviation ›› BackstopJS Homepage (img.github-icon.__n1) component"/>
      <error message="Design deviation ›› BackstopJS Homepage (img.github-icon.__n1) component"/>
    </testcase>
  </testsuite>
</testsuites>